# JRE version: OpenJDK Runtime Environment Corretto-15.0.2.7.1 (15.0.2+7) (build 15.0.2+7)
# Java VM: OpenJDK 64-Bit Server VM Corretto-15.0.2.7.1 (15.0.2+7, mixed mode, sharing, tiered, compressed oops, g1 gc, windows-amd64)
GC Precious Log:
 CPUs: 8 total, 8 available
 Memory: 6082M
 Large Page Support: Disabled
 NUMA Support: Disabled
 Compressed Oops: Enabled (32-bit)
 Heap Region Size: 1M
 Heap Min Capacity: 8M
 Heap Initial Capacity: 96M
 Heap Max Capacity: 1522M
 Pre-touch: Disabled
 Parallel Workers: 8
 Concurrent Workers: 2
 Concurrent Refinement Workers: 8
 Periodic GC: Disabled
Heap:
 garbage-first heap   total 51200K, used 33687K [0x00000000a0e00000, 0x0000000100000000)
  region size 1024K, 8 young (8192K), 1 survivors (1024K)
 Metaspace       used 64032K, capacity 64619K, committed 64816K, reserved 1105920K
  class space    used 7791K, capacity 8007K, committed 8064K, reserved 1048576K
GC Heap History (20 events):
Event: 962.409 GC heap before
{Heap before GC invocations=52 (full 0):
 garbage-first heap   total 50176K, used 42862K [0x00000000a0e00000, 0x0000000100000000)
  region size 1024K, 16 young (16384K), 1 survivors (1024K)
 Metaspace       used 64016K, capacity 64555K, committed 64816K, reserved 1105920K
  class space    used 7790K, capacity 8007K, committed 8064K, reserved 1048576K
}
Event: 962.414 GC heap after
{Heap after GC invocations=53 (full 0):
 garbage-first heap   total 50176K, used 27460K [0x00000000a0e00000, 0x0000000100000000)
  region size 1024K, 1 young (1024K), 1 survivors (1024K)
 Metaspace       used 64016K, capacity 64555K, committed 64816K, reserved 1105920K
  class space    used 7790K, capacity 8007K, committed 8064K, reserved 1048576K
}
Event: 963.788 GC heap before
{Heap before GC invocations=54 (full 0):
 garbage-first heap   total 50176K, used 42820K [0x00000000a0e00000, 0x0000000100000000)
  region size 1024K, 16 young (16384K), 1 survivors (1024K)
 Metaspace       used 64016K, capacity 64555K, committed 64816K, reserved 1105920K
  class space    used 7790K, capacity 8007K, committed 8064K, reserved 1048576K
}
Event: 963.792 GC heap after
{Heap after GC invocations=55 (full 0):
 garbage-first heap   total 50176K, used 27475K [0x00000000a0e00000, 0x0000000100000000)
  region size 1024K, 1 young (1024K), 1 survivors (1024K)
 Metaspace       used 64016K, capacity 64555K, committed 64816K, reserved 1105920K
  class space    used 7790K, capacity 8007K, committed 8064K, reserved 1048576K
}
Event: 965.248 GC heap before
{Heap before GC invocations=55 (full 0):
 garbage-first heap   total 50176K, used 42835K [0x00000000a0e00000, 0x0000000100000000)
  region size 1024K, 16 young (16384K), 1 survivors (1024K)
 Metaspace       used 64016K, capacity 64555K, committed 64816K, reserved 1105920K
  class space    used 7790K, capacity 8007K, committed 8064K, reserved 1048576K
}
Event: 965.253 GC heap after
{Heap after GC invocations=56 (full 0):
 garbage-first heap   total 50176K, used 27472K [0x00000000a0e00000, 0x0000000100000000)
  region size 1024K, 1 young (1024K), 1 survivors (1024K)
 Metaspace       used 64016K, capacity 64555K, committed 64816K, reserved 1105920K
  class space    used 7790K, capacity 8007K, committed 8064K, reserved 1048576K
}
Event: 967.251 GC heap before
{Heap before GC invocations=57 (full 0):
 garbage-first heap   total 50176K, used 42832K [0x00000000a0e00000, 0x0000000100000000)
  region size 1024K, 16 young (16384K), 1 survivors (1024K)
 Metaspace       used 64017K, capacity 64555K, committed 64816K, reserved 1105920K
  class space    used 7790K, capacity 8007K, committed 8064K, reserved 1048576K
}
Event: 967.254 GC heap after
{Heap after GC invocations=58 (full 0):
 garbage-first heap   total 50176K, used 27487K [0x00000000a0e00000, 0x0000000100000000)
  region size 1024K, 1 young (1024K), 1 survivors (1024K)
 Metaspace       used 64017K, capacity 64555K, committed 64816K, reserved 1105920K
  class space    used 7790K, capacity 8007K, committed 8064K, reserved 1048576K
}
Event: 968.760 GC heap before
{Heap before GC invocations=58 (full 0):
 garbage-first heap   total 50176K, used 42847K [0x00000000a0e00000, 0x0000000100000000)
  region size 1024K, 16 young (16384K), 1 survivors (1024K)
 Metaspace       used 64018K, capacity 64555K, committed 64816K, reserved 1105920K
  class space    used 7790K, capacity 8007K, committed 8064K, reserved 1048576K
}
Event: 968.767 GC heap after
{Heap after GC invocations=59 (full 0):
 garbage-first heap   total 50176K, used 27498K [0x00000000a0e00000, 0x0000000100000000)
  region size 1024K, 1 young (1024K), 1 survivors (1024K)
 Metaspace       used 64018K, capacity 64555K, committed 64816K, reserved 1105920K
  class space    used 7790K, capacity 8007K, committed 8064K, reserved 1048576K
}
Event: 970.192 GC heap before
{Heap before GC invocations=60 (full 0):
 garbage-first heap   total 50176K, used 42858K [0x00000000a0e00000, 0x0000000100000000)
  region size 1024K, 16 young (16384K), 1 survivors (1024K)
 Metaspace       used 64029K, capacity 64619K, committed 64816K, reserved 1105920K
  class space    used 7790K, capacity 8007K, committed 8064K, reserved 1048576K
}
Event: 970.194 GC heap after
{Heap after GC invocations=61 (full 0):
 garbage-first heap   total 50176K, used 27547K [0x00000000a0e00000, 0x0000000100000000)
  region size 1024K, 1 young (1024K), 1 survivors (1024K)
 Metaspace       used 64029K, capacity 64619K, committed 64816K, reserved 1105920K
  class space    used 7790K, capacity 8007K, committed 8064K, reserved 1048576K
}
Event: 971.841 GC heap before
{Heap before GC invocations=61 (full 0):
 garbage-first heap   total 50176K, used 42907K [0x00000000a0e00000, 0x0000000100000000)
  region size 1024K, 16 young (16384K), 1 survivors (1024K)
 Metaspace       used 64030K, capacity 64619K, committed 64816K, reserved 1105920K
  class space    used 7791K, capacity 8007K, committed 8064K, reserved 1048576K
}
Event: 971.844 GC heap after
{Heap after GC invocations=62 (full 0):
 garbage-first heap   total 50176K, used 27519K [0x00000000a0e00000, 0x0000000100000000)
  region size 1024K, 1 young (1024K), 1 survivors (1024K)
 Metaspace       used 64030K, capacity 64619K, committed 64816K, reserved 1105920K
  class space    used 7791K, capacity 8007K, committed 8064K, reserved 1048576K
}
Event: 973.130 GC heap before
{Heap before GC invocations=63 (full 0):
 garbage-first heap   total 50176K, used 42879K [0x00000000a0e00000, 0x0000000100000000)
  region size 1024K, 16 young (16384K), 1 survivors (1024K)
 Metaspace       used 64031K, capacity 64619K, committed 64816K, reserved 1105920K
  class space    used 7791K, capacity 8007K, committed 8064K, reserved 1048576K
}
Event: 973.133 GC heap after
{Heap after GC invocations=64 (full 0):
 garbage-first heap   total 50176K, used 27528K [0x00000000a0e00000, 0x0000000100000000)
  region size 1024K, 1 young (1024K), 1 survivors (1024K)
 Metaspace       used 64031K, capacity 64619K, committed 64816K, reserved 1105920K
  class space    used 7791K, capacity 8007K, committed 8064K, reserved 1048576K
}
Event: 974.451 GC heap before
{Heap before GC invocations=64 (full 0):
 garbage-first heap   total 50176K, used 42888K [0x00000000a0e00000, 0x0000000100000000)
  region size 1024K, 16 young (16384K), 1 survivors (1024K)
 Metaspace       used 64031K, capacity 64619K, committed 64816K, reserved 1105920K
  class space    used 7791K, capacity 8007K, committed 8064K, reserved 1048576K
}
Event: 974.453 GC heap after
{Heap after GC invocations=65 (full 0):
 garbage-first heap   total 50176K, used 27557K [0x00000000a0e00000, 0x0000000100000000)
  region size 1024K, 1 young (1024K), 1 survivors (1024K)
 Metaspace       used 64031K, capacity 64619K, committed 64816K, reserved 1105920K
  class space    used 7791K, capacity 8007K, committed 8064K, reserved 1048576K
}
Event: 975.806 GC heap before
{Heap before GC invocations=66 (full 0):
 garbage-first heap   total 51200K, used 42917K [0x00000000a0e00000, 0x0000000100000000)
  region size 1024K, 16 young (16384K), 1 survivors (1024K)
 Metaspace       used 64031K, capacity 64619K, committed 64816K, reserved 1105920K
  class space    used 7791K, capacity 8007K, committed 8064K, reserved 1048576K
}
Event: 975.808 GC heap after
{Heap after GC invocations=67 (full 0):
 garbage-first heap   total 51200K, used 27543K [0x00000000a0e00000, 0x0000000100000000)
  region size 1024K, 1 young (1024K), 1 survivors (1024K)
 Metaspace       used 64031K, capacity 64619K, committed 64816K, reserved 1105920K
  class space    used 7791K, capacity 8007K, committed 8064K, reserved 1048576K
}

